[Ξ.Reflex] Change: shizuku_watchdog.log
[Ξ.Reflex] Change: shizuku_watchdog.log
[Ξ.Reflex] Change: shizuku_status.echo
[Ξ.Reflex] Change: sync_macro.log
[Ξ.Reflex] Change: sync_macro.log
[Ξ.Reflex] Change: sync_macro.log
[Ξ.Reflex] Change: sync_macro.log
[Ξ.Reflex] Change: sync_macro.log
[Ξ.Reflex] Change: sync_macro.log
[Ξ.Reflex] Change: sync_macro.log
[Ξ.Reflex] Change: sync_macro.log
[Ξ.Reflex] Change: sync_macro.log
[Ξ.Reflex] Change: sync_macro.log
[Ξ.Reflex] Change: sync_macro.log
[Ξ.Reflex] Change: sync_macro.log
[Ξ.Reflex] Change: sync_macro.log
[Ξ.Reflex] Change: shizuku_watchdog.log
[Ξ.Reflex] Change: tmp_obj_tk9oeA
[Ξ.Reflex] Change: tmp_obj_wWbqtC
[Ξ.Reflex] Change: shizuku_watchdog.log
