[Ξ.ShizukuCheck] 2025-07-04 18:02:30 - Checking daemon...
[Ξ.ShizukuCheck] ❌ Shizuku NOT running
[Ξ.ShizukuCheck] 2025-07-04 18:02:30 - Checking daemon...
[Ξ.ShizukuCheck] ❌ Shizuku NOT running
[Ξ.Daemon] Shizuku watchdog started: Fri Jul  4 18:02:30 MDT 2025
[Ξ.ShizukuCheck] 2025-07-04 18:02:30 - Checking daemon...
[Ξ.ShizukuCheck] ❌ Shizuku NOT running
[Ξ.ShizukuCheck] 2025-07-04 18:02:30 - Checking daemon...
[Ξ.ShizukuCheck] ❌ Shizuku NOT running
Starting: Intent { cmp=moe.shizuku.privileged.api/.MainActivity }
Error type 3
Error: Activity class {moe.shizuku.privileged.api/moe.shizuku.privileged.api.MainActivity} does not exist.
Starting: Intent { cmp=moe.shizuku.privileged.api/.MainActivity }
Error type 3
Error: Activity class {moe.shizuku.privileged.api/moe.shizuku.privileged.api.MainActivity} does not exist.
[Ξ.ShizukuCheck] 2025-07-04 18:20:30 - Checking daemon...
[Ξ.ShizukuCheck] ❌ Shizuku NOT running
[Ξ.ShizukuCheck] 2025-07-04 18:20:30 - Checking daemon...
[Ξ.ShizukuCheck] ❌ Shizuku NOT running
[Ξ.ShizukuCheck] 2025-07-04 18:20:30 - Checking daemon...
[Ξ.ShizukuCheck] ❌ Shizuku NOT running
[Ξ.ShizukuCheck] 2025-07-04 18:20:30 - Checking daemon...
[Ξ.ShizukuCheck] ❌ Shizuku NOT running
